RuntimeError: Tensors must have same number of dimensions: got 2 and 3

The above exception was the direct cause of the following exception:

╭─────────────────────────────── Traceback (most recent call last) ────────────────────────────────╮
│ /content/booster_soccer_showdown/training_scripts/main_simple_dreamerv3.py:453 in <module>       │
│                                                                                                  │
│   450 sai_model = SAICompatibleWrapper(model)                                                    │
│   451                                                                                            │
│   452 ## Benchmark the model locally - using standard PyTorch format like your main.py           │
│ ❱ 453 sai.benchmark(sai_model, action_function, Preprocessor)                                    │
│   454                                                                                            │
│   455 ## Submit to leaderboard                                                                   │
│   456 print("=== Submitting to Leaderboard ===")    