RuntimeError: Tensors must have same number of dimensions: got 2 and 3

The above exception was the direct cause of the following exception:

╭─────────────────────────────── Traceback (most recent call last) ────────────────────────────────╮
│ /content/booster_soccer_showdown/training_scripts/main_simple_dreamerv3.py:414 in <module>       │
│                                                                                                  │
│   411 print("=== Starting Evaluation ===")                                                       │
│   412                                                                                            │
│   413 ## Benchmark the model locally with CPU wrapper                                            │
│ ❱ 414 sai.benchmark(cpu_model, action_function, Preprocessor, model_type="pytorch")              │
│   415                                                                                            │
│   416 ## Submit to leaderboard                                                                   │
│   417 print("=== Submitting to Leaderboard ===")  